<?xml version="1.0" encoding="UTF-8"?>
<!-- Generated by org.testng.reporters.JUnitReportReporter -->
<testsuite hostname="FONNOIDSK92" name="com.webomates.app.testcases.Tools" tests="1" failures="0" timestamp="12 May 2016 15:57:39 GMT" time="7.469" errors="0">
  <testcase name="ff_execution" time="7.469" classname="com.webomates.app.testcases.Tools"/>
</testsuite> <!-- com.webomates.app.testcases.Tools -->
